10-May-2023 00:08:04.067 INFO [Catalina-utility-1] org.apache.catalina.startup.HostConfig.reload Reloading context [/BankApp]
10-May-2023 00:08:04.071 INFO [Catalina-utility-1] org.apache.catalina.core.StandardContext.reload Reloading Context with name [/BankApp] has started
10-May-2023 00:08:04.258 INFO [Catalina-utility-1] org.apache.catalina.core.StandardContext.reload Reloading Context with name [/BankApp] is completed
10-May-2023 00:08:06.051 INFO [main] org.apache.catalina.core.StandardServer.await A valid shutdown command was received via the shutdown port. Stopping the Server instance.
10-May-2023 00:08:06.052 INFO [main] org.apache.coyote.AbstractProtocol.pause Pausing ProtocolHandler ["http-nio-8080"]
10-May-2023 00:08:06.061 INFO [main] org.apache.catalina.core.StandardService.stopInternal Stopping service [Catalina]
10-May-2023 00:08:06.152 INFO [main] org.apache.coyote.AbstractProtocol.stop Stopping ProtocolHandler ["http-nio-8080"]
10-May-2023 00:08:06.171 INFO [main] org.apache.coyote.AbstractProtocol.destroy Destroying ProtocolHandler ["http-nio-8080"]
10-May-2023 00:08:21.249 INFO [main] org.apache.catalina.startup.VersionLoggerListener.log Server version name:   Apache Tomcat/9.0.74
10-May-2023 00:08:21.260 INFO [main] org.apache.catalina.startup.VersionLoggerListener.log Server built:          Apr 13 2023 08:10:39 UTC
10-May-2023 00:08:21.260 INFO [main] org.apache.catalina.startup.VersionLoggerListener.log Server version number: 9.0.74.0
10-May-2023 00:08:21.261 INFO [main] org.apache.catalina.startup.VersionLoggerListener.log OS Name:               Mac OS X
10-May-2023 00:08:21.261 INFO [main] org.apache.catalina.startup.VersionLoggerListener.log OS Version:            12.5.1
10-May-2023 00:08:21.261 INFO [main] org.apache.catalina.startup.VersionLoggerListener.log Architecture:          x86_64
10-May-2023 00:08:21.261 INFO [main] org.apache.catalina.startup.VersionLoggerListener.log Java Home:             /Library/Java/JavaVirtualMachines/jdk-20.jdk/Contents/Home
10-May-2023 00:08:21.261 INFO [main] org.apache.catalina.startup.VersionLoggerListener.log JVM Version:           20+36-2344
10-May-2023 00:08:21.261 INFO [main] org.apache.catalina.startup.VersionLoggerListener.log JVM Vendor:            Oracle Corporation
10-May-2023 00:08:21.261 INFO [main] org.apache.catalina.startup.VersionLoggerListener.log CATALINA_BASE:         /Users/geoffreyveasy/Desktop/TomCat-BankApp
10-May-2023 00:08:21.261 INFO [main] org.apache.catalina.startup.VersionLoggerListener.log CATALINA_HOME:         /Users/geoffreyveasy/Desktop/TomCat-BankApp
10-May-2023 00:08:21.277 INFO [main] org.apache.catalina.startup.VersionLoggerListener.log Command line argument: --add-opens=java.base/java.lang=ALL-UNNAMED
10-May-2023 00:08:21.277 INFO [main] org.apache.catalina.startup.VersionLoggerListener.log Command line argument: --add-opens=java.base/java.io=ALL-UNNAMED
10-May-2023 00:08:21.278 INFO [main] org.apache.catalina.startup.VersionLoggerListener.log Command line argument: --add-opens=java.base/java.util=ALL-UNNAMED
10-May-2023 00:08:21.278 INFO [main] org.apache.catalina.startup.VersionLoggerListener.log Command line argument: --add-opens=java.base/java.util.concurrent=ALL-UNNAMED
10-May-2023 00:08:21.278 INFO [main] org.apache.catalina.startup.VersionLoggerListener.log Command line argument: --add-opens=java.rmi/sun.rmi.transport=ALL-UNNAMED
10-May-2023 00:08:21.278 INFO [main] org.apache.catalina.startup.VersionLoggerListener.log Command line argument: -Djava.util.logging.config.file=/Users/geoffreyveasy/Desktop/TomCat-BankApp/conf/logging.properties
10-May-2023 00:08:21.278 INFO [main] org.apache.catalina.startup.VersionLoggerListener.log Command line argument: -Djava.util.logging.manager=org.apache.juli.ClassLoaderLogManager
10-May-2023 00:08:21.279 INFO [main] org.apache.catalina.startup.VersionLoggerListener.log Command line argument: -Djdk.tls.ephemeralDHKeySize=2048
10-May-2023 00:08:21.279 INFO [main] org.apache.catalina.startup.VersionLoggerListener.log Command line argument: -Djava.protocol.handler.pkgs=org.apache.catalina.webresources
10-May-2023 00:08:21.279 INFO [main] org.apache.catalina.startup.VersionLoggerListener.log Command line argument: -Dorg.apache.catalina.security.SecurityListener.UMASK=0027
10-May-2023 00:08:21.279 INFO [main] org.apache.catalina.startup.VersionLoggerListener.log Command line argument: -Dignore.endorsed.dirs=
10-May-2023 00:08:21.279 INFO [main] org.apache.catalina.startup.VersionLoggerListener.log Command line argument: -Dcatalina.base=/Users/geoffreyveasy/Desktop/TomCat-BankApp
10-May-2023 00:08:21.279 INFO [main] org.apache.catalina.startup.VersionLoggerListener.log Command line argument: -Dcatalina.home=/Users/geoffreyveasy/Desktop/TomCat-BankApp
10-May-2023 00:08:21.279 INFO [main] org.apache.catalina.startup.VersionLoggerListener.log Command line argument: -Djava.io.tmpdir=/Users/geoffreyveasy/Desktop/TomCat-BankApp/temp
10-May-2023 00:08:21.292 INFO [main] org.apache.catalina.core.AprLifecycleListener.lifecycleEvent The Apache Tomcat Native library which allows using OpenSSL was not found on the java.library.path: [/Users/geoffreyveasy/Library/Java/Extensions:/Library/Java/Extensions:/Network/Library/Java/Extensions:/System/Library/Java/Extensions:/usr/lib/java:.]
10-May-2023 00:08:21.906 INFO [main] org.apache.coyote.AbstractProtocol.init Initializing ProtocolHandler ["http-nio-8080"]
10-May-2023 00:08:22.005 INFO [main] org.apache.catalina.startup.Catalina.load Server initialization in [1018] milliseconds
10-May-2023 00:08:22.085 INFO [main] org.apache.catalina.core.StandardService.startInternal Starting service [Catalina]
10-May-2023 00:08:22.086 INFO [main] org.apache.catalina.core.StandardEngine.startInternal Starting Servlet engine: [Apache Tomcat/9.0.74]
10-May-2023 00:08:22.103 INFO [main] org.apache.catalina.startup.HostConfig.deployDirectory Deploying web application directory [/Users/geoffreyveasy/Desktop/TomCat-BankApp/webapps/AdderServlet]
10-May-2023 00:08:22.644 INFO [main] org.apache.catalina.startup.HostConfig.deployDirectory Deployment of web application directory [/Users/geoffreyveasy/Desktop/TomCat-BankApp/webapps/AdderServlet] has finished in [542] ms
10-May-2023 00:08:22.645 INFO [main] org.apache.catalina.startup.HostConfig.deployDirectory Deploying web application directory [/Users/geoffreyveasy/Desktop/TomCat-BankApp/webapps/BankApp]
10-May-2023 00:08:22.749 INFO [main] org.apache.catalina.startup.HostConfig.deployDirectory Deployment of web application directory [/Users/geoffreyveasy/Desktop/TomCat-BankApp/webapps/BankApp] has finished in [104] ms
10-May-2023 00:08:22.750 INFO [main] org.apache.catalina.startup.HostConfig.deployDirectory Deploying web application directory [/Users/geoffreyveasy/Desktop/TomCat-BankApp/webapps/PersonalServlet]
10-May-2023 00:08:22.795 INFO [main] org.apache.catalina.startup.HostConfig.deployDirectory Deployment of web application directory [/Users/geoffreyveasy/Desktop/TomCat-BankApp/webapps/PersonalServlet] has finished in [45] ms
10-May-2023 00:08:22.795 INFO [main] org.apache.catalina.startup.HostConfig.deployDirectory Deploying web application directory [/Users/geoffreyveasy/Desktop/TomCat-BankApp/webapps/banking-app]
10-May-2023 00:08:22.857 INFO [main] org.apache.catalina.startup.HostConfig.deployDirectory Deployment of web application directory [/Users/geoffreyveasy/Desktop/TomCat-BankApp/webapps/banking-app] has finished in [61] ms
10-May-2023 00:08:22.857 INFO [main] org.apache.catalina.startup.HostConfig.deployDirectory Deploying web application directory [/Users/geoffreyveasy/Desktop/TomCat-BankApp/webapps/CookieAdder]
10-May-2023 00:08:22.912 INFO [main] org.apache.catalina.startup.HostConfig.deployDirectory Deployment of web application directory [/Users/geoffreyveasy/Desktop/TomCat-BankApp/webapps/CookieAdder] has finished in [55] ms
10-May-2023 00:08:22.913 INFO [main] org.apache.catalina.startup.HostConfig.deployDirectory Deploying web application directory [/Users/geoffreyveasy/Desktop/TomCat-BankApp/webapps/docs]
10-May-2023 00:08:22.951 INFO [main] org.apache.catalina.startup.HostConfig.deployDirectory Deployment of web application directory [/Users/geoffreyveasy/Desktop/TomCat-BankApp/webapps/docs] has finished in [38] ms
10-May-2023 00:08:22.952 INFO [main] org.apache.catalina.startup.HostConfig.deployDirectory Deploying web application directory [/Users/geoffreyveasy/Desktop/TomCat-BankApp/webapps/manager]
10-May-2023 00:08:23.022 INFO [main] org.apache.catalina.startup.HostConfig.deployDirectory Deployment of web application directory [/Users/geoffreyveasy/Desktop/TomCat-BankApp/webapps/manager] has finished in [70] ms
10-May-2023 00:08:23.022 INFO [main] org.apache.catalina.startup.HostConfig.deployDirectory Deploying web application directory [/Users/geoffreyveasy/Desktop/TomCat-BankApp/webapps/examples]
10-May-2023 00:08:23.653 INFO [main] org.apache.catalina.startup.HostConfig.deployDirectory Deployment of web application directory [/Users/geoffreyveasy/Desktop/TomCat-BankApp/webapps/examples] has finished in [631] ms
10-May-2023 00:08:23.654 INFO [main] org.apache.catalina.startup.HostConfig.deployDirectory Deploying web application directory [/Users/geoffreyveasy/Desktop/TomCat-BankApp/webapps/ShoppingCart]
10-May-2023 00:08:23.690 INFO [main] org.apache.catalina.startup.HostConfig.deployDirectory Deployment of web application directory [/Users/geoffreyveasy/Desktop/TomCat-BankApp/webapps/ShoppingCart] has finished in [35] ms
10-May-2023 00:08:23.690 INFO [main] org.apache.catalina.startup.HostConfig.deployDirectory Deploying web application directory [/Users/geoffreyveasy/Desktop/TomCat-BankApp/webapps/ROOT]
10-May-2023 00:08:23.712 INFO [main] org.apache.catalina.startup.HostConfig.deployDirectory Deployment of web application directory [/Users/geoffreyveasy/Desktop/TomCat-BankApp/webapps/ROOT] has finished in [22] ms
10-May-2023 00:08:23.713 INFO [main] org.apache.catalina.startup.HostConfig.deployDirectory Deploying web application directory [/Users/geoffreyveasy/Desktop/TomCat-BankApp/webapps/JDBCServlet]
10-May-2023 00:08:23.965 INFO [main] org.apache.catalina.startup.HostConfig.deployDirectory Deployment of web application directory [/Users/geoffreyveasy/Desktop/TomCat-BankApp/webapps/JDBCServlet] has finished in [250] ms
10-May-2023 00:08:23.966 INFO [main] org.apache.catalina.startup.HostConfig.deployDirectory Deploying web application directory [/Users/geoffreyveasy/Desktop/TomCat-BankApp/webapps/FirstServlet]
10-May-2023 00:08:24.080 INFO [main] org.apache.catalina.startup.HostConfig.deployDirectory Deployment of web application directory [/Users/geoffreyveasy/Desktop/TomCat-BankApp/webapps/FirstServlet] has finished in [110] ms
10-May-2023 00:08:24.081 INFO [main] org.apache.catalina.startup.HostConfig.deployDirectory Deploying web application directory [/Users/geoffreyveasy/Desktop/TomCat-BankApp/webapps/host-manager]
10-May-2023 00:08:24.116 INFO [main] org.apache.catalina.startup.HostConfig.deployDirectory Deployment of web application directory [/Users/geoffreyveasy/Desktop/TomCat-BankApp/webapps/host-manager] has finished in [35] ms
10-May-2023 00:08:24.121 INFO [main] org.apache.coyote.AbstractProtocol.start Starting ProtocolHandler ["http-nio-8080"]
10-May-2023 00:08:24.142 INFO [main] org.apache.catalina.startup.Catalina.start Server startup in [2134] milliseconds
10-May-2023 00:09:36.342 INFO [main] org.apache.catalina.core.StandardServer.await A valid shutdown command was received via the shutdown port. Stopping the Server instance.
10-May-2023 00:09:36.343 INFO [main] org.apache.coyote.AbstractProtocol.pause Pausing ProtocolHandler ["http-nio-8080"]
10-May-2023 00:09:36.350 INFO [main] org.apache.catalina.core.StandardService.stopInternal Stopping service [Catalina]
10-May-2023 00:09:36.425 INFO [main] org.apache.coyote.AbstractProtocol.stop Stopping ProtocolHandler ["http-nio-8080"]
10-May-2023 00:09:36.435 INFO [main] org.apache.coyote.AbstractProtocol.destroy Destroying ProtocolHandler ["http-nio-8080"]
10-May-2023 00:09:45.569 INFO [main] org.apache.catalina.startup.VersionLoggerListener.log Server version name:   Apache Tomcat/9.0.74
10-May-2023 00:09:45.600 INFO [main] org.apache.catalina.startup.VersionLoggerListener.log Server built:          Apr 13 2023 08:10:39 UTC
10-May-2023 00:09:45.600 INFO [main] org.apache.catalina.startup.VersionLoggerListener.log Server version number: 9.0.74.0
10-May-2023 00:09:45.600 INFO [main] org.apache.catalina.startup.VersionLoggerListener.log OS Name:               Mac OS X
10-May-2023 00:09:45.601 INFO [main] org.apache.catalina.startup.VersionLoggerListener.log OS Version:            12.5.1
10-May-2023 00:09:45.601 INFO [main] org.apache.catalina.startup.VersionLoggerListener.log Architecture:          x86_64
10-May-2023 00:09:45.601 INFO [main] org.apache.catalina.startup.VersionLoggerListener.log Java Home:             /Library/Java/JavaVirtualMachines/jdk-20.jdk/Contents/Home
10-May-2023 00:09:45.602 INFO [main] org.apache.catalina.startup.VersionLoggerListener.log JVM Version:           20+36-2344
10-May-2023 00:09:45.602 INFO [main] org.apache.catalina.startup.VersionLoggerListener.log JVM Vendor:            Oracle Corporation
10-May-2023 00:09:45.602 INFO [main] org.apache.catalina.startup.VersionLoggerListener.log CATALINA_BASE:         /Users/geoffreyveasy/Desktop/TomCat-BankApp
10-May-2023 00:09:45.602 INFO [main] org.apache.catalina.startup.VersionLoggerListener.log CATALINA_HOME:         /Users/geoffreyveasy/Desktop/TomCat-BankApp
10-May-2023 00:09:45.628 INFO [main] org.apache.catalina.startup.VersionLoggerListener.log Command line argument: --add-opens=java.base/java.lang=ALL-UNNAMED
10-May-2023 00:09:45.629 INFO [main] org.apache.catalina.startup.VersionLoggerListener.log Command line argument: --add-opens=java.base/java.io=ALL-UNNAMED
10-May-2023 00:09:45.629 INFO [main] org.apache.catalina.startup.VersionLoggerListener.log Command line argument: --add-opens=java.base/java.util=ALL-UNNAMED
10-May-2023 00:09:45.629 INFO [main] org.apache.catalina.startup.VersionLoggerListener.log Command line argument: --add-opens=java.base/java.util.concurrent=ALL-UNNAMED
10-May-2023 00:09:45.629 INFO [main] org.apache.catalina.startup.VersionLoggerListener.log Command line argument: --add-opens=java.rmi/sun.rmi.transport=ALL-UNNAMED
10-May-2023 00:09:45.629 INFO [main] org.apache.catalina.startup.VersionLoggerListener.log Command line argument: -Djava.util.logging.config.file=/Users/geoffreyveasy/Desktop/TomCat-BankApp/conf/logging.properties
10-May-2023 00:09:45.630 INFO [main] org.apache.catalina.startup.VersionLoggerListener.log Command line argument: -Djava.util.logging.manager=org.apache.juli.ClassLoaderLogManager
10-May-2023 00:09:45.630 INFO [main] org.apache.catalina.startup.VersionLoggerListener.log Command line argument: -Djdk.tls.ephemeralDHKeySize=2048
10-May-2023 00:09:45.630 INFO [main] org.apache.catalina.startup.VersionLoggerListener.log Command line argument: -Djava.protocol.handler.pkgs=org.apache.catalina.webresources
10-May-2023 00:09:45.630 INFO [main] org.apache.catalina.startup.VersionLoggerListener.log Command line argument: -Dorg.apache.catalina.security.SecurityListener.UMASK=0027
10-May-2023 00:09:45.630 INFO [main] org.apache.catalina.startup.VersionLoggerListener.log Command line argument: -Dignore.endorsed.dirs=
10-May-2023 00:09:45.630 INFO [main] org.apache.catalina.startup.VersionLoggerListener.log Command line argument: -Dcatalina.base=/Users/geoffreyveasy/Desktop/TomCat-BankApp
10-May-2023 00:09:45.631 INFO [main] org.apache.catalina.startup.VersionLoggerListener.log Command line argument: -Dcatalina.home=/Users/geoffreyveasy/Desktop/TomCat-BankApp
10-May-2023 00:09:45.631 INFO [main] org.apache.catalina.startup.VersionLoggerListener.log Command line argument: -Djava.io.tmpdir=/Users/geoffreyveasy/Desktop/TomCat-BankApp/temp
10-May-2023 00:09:45.649 INFO [main] org.apache.catalina.core.AprLifecycleListener.lifecycleEvent The Apache Tomcat Native library which allows using OpenSSL was not found on the java.library.path: [/Users/geoffreyveasy/Library/Java/Extensions:/Library/Java/Extensions:/Network/Library/Java/Extensions:/System/Library/Java/Extensions:/usr/lib/java:.]
10-May-2023 00:09:46.522 INFO [main] org.apache.coyote.AbstractProtocol.init Initializing ProtocolHandler ["http-nio-8080"]
10-May-2023 00:09:46.596 INFO [main] org.apache.catalina.startup.Catalina.load Server initialization in [1345] milliseconds
10-May-2023 00:09:46.658 INFO [main] org.apache.catalina.core.StandardService.startInternal Starting service [Catalina]
10-May-2023 00:09:46.658 INFO [main] org.apache.catalina.core.StandardEngine.startInternal Starting Servlet engine: [Apache Tomcat/9.0.74]
10-May-2023 00:09:46.667 INFO [main] org.apache.catalina.startup.HostConfig.deployDirectory Deploying web application directory [/Users/geoffreyveasy/Desktop/TomCat-BankApp/webapps/AdderServlet]
10-May-2023 00:09:47.281 INFO [main] org.apache.catalina.startup.HostConfig.deployDirectory Deployment of web application directory [/Users/geoffreyveasy/Desktop/TomCat-BankApp/webapps/AdderServlet] has finished in [613] ms
10-May-2023 00:09:47.281 INFO [main] org.apache.catalina.startup.HostConfig.deployDirectory Deploying web application directory [/Users/geoffreyveasy/Desktop/TomCat-BankApp/webapps/BankApp]
10-May-2023 00:09:47.374 INFO [main] org.apache.catalina.startup.HostConfig.deployDirectory Deployment of web application directory [/Users/geoffreyveasy/Desktop/TomCat-BankApp/webapps/BankApp] has finished in [92] ms
10-May-2023 00:09:47.374 INFO [main] org.apache.catalina.startup.HostConfig.deployDirectory Deploying web application directory [/Users/geoffreyveasy/Desktop/TomCat-BankApp/webapps/PersonalServlet]
10-May-2023 00:09:47.415 INFO [main] org.apache.catalina.startup.HostConfig.deployDirectory Deployment of web application directory [/Users/geoffreyveasy/Desktop/TomCat-BankApp/webapps/PersonalServlet] has finished in [41] ms
10-May-2023 00:09:47.415 INFO [main] org.apache.catalina.startup.HostConfig.deployDirectory Deploying web application directory [/Users/geoffreyveasy/Desktop/TomCat-BankApp/webapps/banking-app]
10-May-2023 00:09:47.470 INFO [main] org.apache.catalina.startup.HostConfig.deployDirectory Deployment of web application directory [/Users/geoffreyveasy/Desktop/TomCat-BankApp/webapps/banking-app] has finished in [55] ms
10-May-2023 00:09:47.470 INFO [main] org.apache.catalina.startup.HostConfig.deployDirectory Deploying web application directory [/Users/geoffreyveasy/Desktop/TomCat-BankApp/webapps/CookieAdder]
10-May-2023 00:09:47.498 INFO [main] org.apache.catalina.startup.HostConfig.deployDirectory Deployment of web application directory [/Users/geoffreyveasy/Desktop/TomCat-BankApp/webapps/CookieAdder] has finished in [28] ms
10-May-2023 00:09:47.498 INFO [main] org.apache.catalina.startup.HostConfig.deployDirectory Deploying web application directory [/Users/geoffreyveasy/Desktop/TomCat-BankApp/webapps/docs]
10-May-2023 00:09:47.530 INFO [main] org.apache.catalina.startup.HostConfig.deployDirectory Deployment of web application directory [/Users/geoffreyveasy/Desktop/TomCat-BankApp/webapps/docs] has finished in [31] ms
10-May-2023 00:09:47.530 INFO [main] org.apache.catalina.startup.HostConfig.deployDirectory Deploying web application directory [/Users/geoffreyveasy/Desktop/TomCat-BankApp/webapps/manager]
10-May-2023 00:09:47.582 INFO [main] org.apache.catalina.startup.HostConfig.deployDirectory Deployment of web application directory [/Users/geoffreyveasy/Desktop/TomCat-BankApp/webapps/manager] has finished in [52] ms
10-May-2023 00:09:47.582 INFO [main] org.apache.catalina.startup.HostConfig.deployDirectory Deploying web application directory [/Users/geoffreyveasy/Desktop/TomCat-BankApp/webapps/examples]
10-May-2023 00:09:47.978 INFO [main] org.apache.catalina.startup.HostConfig.deployDirectory Deployment of web application directory [/Users/geoffreyveasy/Desktop/TomCat-BankApp/webapps/examples] has finished in [396] ms
10-May-2023 00:09:47.979 INFO [main] org.apache.catalina.startup.HostConfig.deployDirectory Deploying web application directory [/Users/geoffreyveasy/Desktop/TomCat-BankApp/webapps/ShoppingCart]
10-May-2023 00:09:48.015 INFO [main] org.apache.catalina.startup.HostConfig.deployDirectory Deployment of web application directory [/Users/geoffreyveasy/Desktop/TomCat-BankApp/webapps/ShoppingCart] has finished in [36] ms
10-May-2023 00:09:48.016 INFO [main] org.apache.catalina.startup.HostConfig.deployDirectory Deploying web application directory [/Users/geoffreyveasy/Desktop/TomCat-BankApp/webapps/ROOT]
10-May-2023 00:09:48.048 INFO [main] org.apache.catalina.startup.HostConfig.deployDirectory Deployment of web application directory [/Users/geoffreyveasy/Desktop/TomCat-BankApp/webapps/ROOT] has finished in [33] ms
10-May-2023 00:09:48.048 INFO [main] org.apache.catalina.startup.HostConfig.deployDirectory Deploying web application directory [/Users/geoffreyveasy/Desktop/TomCat-BankApp/webapps/JDBCServlet]
10-May-2023 00:09:48.100 INFO [main] org.apache.catalina.startup.HostConfig.deployDirectory Deployment of web application directory [/Users/geoffreyveasy/Desktop/TomCat-BankApp/webapps/JDBCServlet] has finished in [52] ms
10-May-2023 00:09:48.101 INFO [main] org.apache.catalina.startup.HostConfig.deployDirectory Deploying web application directory [/Users/geoffreyveasy/Desktop/TomCat-BankApp/webapps/FirstServlet]
10-May-2023 00:09:48.138 INFO [main] org.apache.catalina.startup.HostConfig.deployDirectory Deployment of web application directory [/Users/geoffreyveasy/Desktop/TomCat-BankApp/webapps/FirstServlet] has finished in [37] ms
10-May-2023 00:09:48.139 INFO [main] org.apache.catalina.startup.HostConfig.deployDirectory Deploying web application directory [/Users/geoffreyveasy/Desktop/TomCat-BankApp/webapps/host-manager]
10-May-2023 00:09:48.173 INFO [main] org.apache.catalina.startup.HostConfig.deployDirectory Deployment of web application directory [/Users/geoffreyveasy/Desktop/TomCat-BankApp/webapps/host-manager] has finished in [33] ms
10-May-2023 00:09:48.183 INFO [main] org.apache.coyote.AbstractProtocol.start Starting ProtocolHandler ["http-nio-8080"]
10-May-2023 00:09:48.205 INFO [main] org.apache.catalina.startup.Catalina.start Server startup in [1607] milliseconds
10-May-2023 00:11:42.005 INFO [main] org.apache.catalina.core.StandardServer.await A valid shutdown command was received via the shutdown port. Stopping the Server instance.
10-May-2023 00:11:42.007 INFO [main] org.apache.coyote.AbstractProtocol.pause Pausing ProtocolHandler ["http-nio-8080"]
10-May-2023 00:11:42.017 INFO [main] org.apache.catalina.core.StandardService.stopInternal Stopping service [Catalina]
10-May-2023 00:11:42.126 INFO [main] org.apache.coyote.AbstractProtocol.stop Stopping ProtocolHandler ["http-nio-8080"]
10-May-2023 00:11:42.148 INFO [main] org.apache.coyote.AbstractProtocol.destroy Destroying ProtocolHandler ["http-nio-8080"]
10-May-2023 00:11:49.769 INFO [main] org.apache.catalina.startup.VersionLoggerListener.log Server version name:   Apache Tomcat/9.0.74
10-May-2023 00:11:49.780 INFO [main] org.apache.catalina.startup.VersionLoggerListener.log Server built:          Apr 13 2023 08:10:39 UTC
10-May-2023 00:11:49.780 INFO [main] org.apache.catalina.startup.VersionLoggerListener.log Server version number: 9.0.74.0
10-May-2023 00:11:49.781 INFO [main] org.apache.catalina.startup.VersionLoggerListener.log OS Name:               Mac OS X
10-May-2023 00:11:49.781 INFO [main] org.apache.catalina.startup.VersionLoggerListener.log OS Version:            12.5.1
10-May-2023 00:11:49.781 INFO [main] org.apache.catalina.startup.VersionLoggerListener.log Architecture:          x86_64
10-May-2023 00:11:49.783 INFO [main] org.apache.catalina.startup.VersionLoggerListener.log Java Home:             /Library/Java/JavaVirtualMachines/jdk-20.jdk/Contents/Home
10-May-2023 00:11:49.783 INFO [main] org.apache.catalina.startup.VersionLoggerListener.log JVM Version:           20+36-2344
10-May-2023 00:11:49.784 INFO [main] org.apache.catalina.startup.VersionLoggerListener.log JVM Vendor:            Oracle Corporation
10-May-2023 00:11:49.784 INFO [main] org.apache.catalina.startup.VersionLoggerListener.log CATALINA_BASE:         /Users/geoffreyveasy/Desktop/TomCat-BankApp
10-May-2023 00:11:49.784 INFO [main] org.apache.catalina.startup.VersionLoggerListener.log CATALINA_HOME:         /Users/geoffreyveasy/Desktop/TomCat-BankApp
10-May-2023 00:11:49.796 INFO [main] org.apache.catalina.startup.VersionLoggerListener.log Command line argument: --add-opens=java.base/java.lang=ALL-UNNAMED
10-May-2023 00:11:49.796 INFO [main] org.apache.catalina.startup.VersionLoggerListener.log Command line argument: --add-opens=java.base/java.io=ALL-UNNAMED
10-May-2023 00:11:49.796 INFO [main] org.apache.catalina.startup.VersionLoggerListener.log Command line argument: --add-opens=java.base/java.util=ALL-UNNAMED
10-May-2023 00:11:49.796 INFO [main] org.apache.catalina.startup.VersionLoggerListener.log Command line argument: --add-opens=java.base/java.util.concurrent=ALL-UNNAMED
10-May-2023 00:11:49.796 INFO [main] org.apache.catalina.startup.VersionLoggerListener.log Command line argument: --add-opens=java.rmi/sun.rmi.transport=ALL-UNNAMED
10-May-2023 00:11:49.797 INFO [main] org.apache.catalina.startup.VersionLoggerListener.log Command line argument: -Djava.util.logging.config.file=/Users/geoffreyveasy/Desktop/TomCat-BankApp/conf/logging.properties
10-May-2023 00:11:49.797 INFO [main] org.apache.catalina.startup.VersionLoggerListener.log Command line argument: -Djava.util.logging.manager=org.apache.juli.ClassLoaderLogManager
10-May-2023 00:11:49.797 INFO [main] org.apache.catalina.startup.VersionLoggerListener.log Command line argument: -Djdk.tls.ephemeralDHKeySize=2048
10-May-2023 00:11:49.797 INFO [main] org.apache.catalina.startup.VersionLoggerListener.log Command line argument: -Djava.protocol.handler.pkgs=org.apache.catalina.webresources
10-May-2023 00:11:49.797 INFO [main] org.apache.catalina.startup.VersionLoggerListener.log Command line argument: -Dorg.apache.catalina.security.SecurityListener.UMASK=0027
10-May-2023 00:11:49.797 INFO [main] org.apache.catalina.startup.VersionLoggerListener.log Command line argument: -Dignore.endorsed.dirs=
10-May-2023 00:11:49.797 INFO [main] org.apache.catalina.startup.VersionLoggerListener.log Command line argument: -Dcatalina.base=/Users/geoffreyveasy/Desktop/TomCat-BankApp
10-May-2023 00:11:49.798 INFO [main] org.apache.catalina.startup.VersionLoggerListener.log Command line argument: -Dcatalina.home=/Users/geoffreyveasy/Desktop/TomCat-BankApp
10-May-2023 00:11:49.798 INFO [main] org.apache.catalina.startup.VersionLoggerListener.log Command line argument: -Djava.io.tmpdir=/Users/geoffreyveasy/Desktop/TomCat-BankApp/temp
10-May-2023 00:11:49.814 INFO [main] org.apache.catalina.core.AprLifecycleListener.lifecycleEvent The Apache Tomcat Native library which allows using OpenSSL was not found on the java.library.path: [/Users/geoffreyveasy/Library/Java/Extensions:/Library/Java/Extensions:/Network/Library/Java/Extensions:/System/Library/Java/Extensions:/usr/lib/java:.]
10-May-2023 00:11:50.400 INFO [main] org.apache.coyote.AbstractProtocol.init Initializing ProtocolHandler ["http-nio-8080"]
10-May-2023 00:11:50.457 INFO [main] org.apache.catalina.startup.Catalina.load Server initialization in [1056] milliseconds
10-May-2023 00:11:50.516 INFO [main] org.apache.catalina.core.StandardService.startInternal Starting service [Catalina]
10-May-2023 00:11:50.517 INFO [main] org.apache.catalina.core.StandardEngine.startInternal Starting Servlet engine: [Apache Tomcat/9.0.74]
10-May-2023 00:11:50.530 INFO [main] org.apache.catalina.startup.HostConfig.deployDirectory Deploying web application directory [/Users/geoffreyveasy/Desktop/TomCat-BankApp/webapps/AdderServlet]
10-May-2023 00:11:51.217 INFO [main] org.apache.catalina.startup.HostConfig.deployDirectory Deployment of web application directory [/Users/geoffreyveasy/Desktop/TomCat-BankApp/webapps/AdderServlet] has finished in [687] ms
10-May-2023 00:11:51.217 INFO [main] org.apache.catalina.startup.HostConfig.deployDirectory Deploying web application directory [/Users/geoffreyveasy/Desktop/TomCat-BankApp/webapps/BankApp]
10-May-2023 00:11:51.323 INFO [main] org.apache.catalina.startup.HostConfig.deployDirectory Deployment of web application directory [/Users/geoffreyveasy/Desktop/TomCat-BankApp/webapps/BankApp] has finished in [105] ms
10-May-2023 00:11:51.323 INFO [main] org.apache.catalina.startup.HostConfig.deployDirectory Deploying web application directory [/Users/geoffreyveasy/Desktop/TomCat-BankApp/webapps/PersonalServlet]
10-May-2023 00:11:51.360 INFO [main] org.apache.catalina.startup.HostConfig.deployDirectory Deployment of web application directory [/Users/geoffreyveasy/Desktop/TomCat-BankApp/webapps/PersonalServlet] has finished in [36] ms
10-May-2023 00:11:51.360 INFO [main] org.apache.catalina.startup.HostConfig.deployDirectory Deploying web application directory [/Users/geoffreyveasy/Desktop/TomCat-BankApp/webapps/banking-app]
10-May-2023 00:11:51.410 INFO [main] org.apache.catalina.startup.HostConfig.deployDirectory Deployment of web application directory [/Users/geoffreyveasy/Desktop/TomCat-BankApp/webapps/banking-app] has finished in [50] ms
10-May-2023 00:11:51.411 INFO [main] org.apache.catalina.startup.HostConfig.deployDirectory Deploying web application directory [/Users/geoffreyveasy/Desktop/TomCat-BankApp/webapps/CookieAdder]
10-May-2023 00:11:51.474 INFO [main] org.apache.catalina.startup.HostConfig.deployDirectory Deployment of web application directory [/Users/geoffreyveasy/Desktop/TomCat-BankApp/webapps/CookieAdder] has finished in [63] ms
10-May-2023 00:11:51.475 INFO [main] org.apache.catalina.startup.HostConfig.deployDirectory Deploying web application directory [/Users/geoffreyveasy/Desktop/TomCat-BankApp/webapps/docs]
10-May-2023 00:11:51.508 INFO [main] org.apache.catalina.startup.HostConfig.deployDirectory Deployment of web application directory [/Users/geoffreyveasy/Desktop/TomCat-BankApp/webapps/docs] has finished in [32] ms
10-May-2023 00:11:51.508 INFO [main] org.apache.catalina.startup.HostConfig.deployDirectory Deploying web application directory [/Users/geoffreyveasy/Desktop/TomCat-BankApp/webapps/manager]
10-May-2023 00:11:51.564 INFO [main] org.apache.catalina.startup.HostConfig.deployDirectory Deployment of web application directory [/Users/geoffreyveasy/Desktop/TomCat-BankApp/webapps/manager] has finished in [56] ms
10-May-2023 00:11:51.564 INFO [main] org.apache.catalina.startup.HostConfig.deployDirectory Deploying web application directory [/Users/geoffreyveasy/Desktop/TomCat-BankApp/webapps/examples]
10-May-2023 00:11:52.023 INFO [main] org.apache.catalina.startup.HostConfig.deployDirectory Deployment of web application directory [/Users/geoffreyveasy/Desktop/TomCat-BankApp/webapps/examples] has finished in [459] ms
10-May-2023 00:11:52.024 INFO [main] org.apache.catalina.startup.HostConfig.deployDirectory Deploying web application directory [/Users/geoffreyveasy/Desktop/TomCat-BankApp/webapps/ShoppingCart]
10-May-2023 00:11:52.063 INFO [main] org.apache.catalina.startup.HostConfig.deployDirectory Deployment of web application directory [/Users/geoffreyveasy/Desktop/TomCat-BankApp/webapps/ShoppingCart] has finished in [39] ms
10-May-2023 00:11:52.064 INFO [main] org.apache.catalina.startup.HostConfig.deployDirectory Deploying web application directory [/Users/geoffreyveasy/Desktop/TomCat-BankApp/webapps/ROOT]
10-May-2023 00:11:52.091 INFO [main] org.apache.catalina.startup.HostConfig.deployDirectory Deployment of web application directory [/Users/geoffreyveasy/Desktop/TomCat-BankApp/webapps/ROOT] has finished in [26] ms
10-May-2023 00:11:52.091 INFO [main] org.apache.catalina.startup.HostConfig.deployDirectory Deploying web application directory [/Users/geoffreyveasy/Desktop/TomCat-BankApp/webapps/JDBCServlet]
10-May-2023 00:11:52.134 INFO [main] org.apache.catalina.startup.HostConfig.deployDirectory Deployment of web application directory [/Users/geoffreyveasy/Desktop/TomCat-BankApp/webapps/JDBCServlet] has finished in [43] ms
10-May-2023 00:11:52.137 INFO [main] org.apache.catalina.startup.HostConfig.deployDirectory Deploying web application directory [/Users/geoffreyveasy/Desktop/TomCat-BankApp/webapps/FirstServlet]
10-May-2023 00:11:52.208 INFO [main] org.apache.catalina.startup.HostConfig.deployDirectory Deployment of web application directory [/Users/geoffreyveasy/Desktop/TomCat-BankApp/webapps/FirstServlet] has finished in [70] ms
10-May-2023 00:11:52.209 INFO [main] org.apache.catalina.startup.HostConfig.deployDirectory Deploying web application directory [/Users/geoffreyveasy/Desktop/TomCat-BankApp/webapps/host-manager]
10-May-2023 00:11:52.238 INFO [main] org.apache.catalina.startup.HostConfig.deployDirectory Deployment of web application directory [/Users/geoffreyveasy/Desktop/TomCat-BankApp/webapps/host-manager] has finished in [29] ms
10-May-2023 00:11:52.261 INFO [main] org.apache.coyote.AbstractProtocol.start Starting ProtocolHandler ["http-nio-8080"]
10-May-2023 00:11:52.282 INFO [main] org.apache.catalina.startup.Catalina.start Server startup in [1823] milliseconds
10-May-2023 00:15:48.083 INFO [main] org.apache.catalina.core.StandardServer.await A valid shutdown command was received via the shutdown port. Stopping the Server instance.
10-May-2023 00:15:48.085 INFO [main] org.apache.coyote.AbstractProtocol.pause Pausing ProtocolHandler ["http-nio-8080"]
10-May-2023 00:15:48.092 INFO [main] org.apache.catalina.core.StandardService.stopInternal Stopping service [Catalina]
10-May-2023 00:15:48.158 INFO [main] org.apache.coyote.AbstractProtocol.stop Stopping ProtocolHandler ["http-nio-8080"]
10-May-2023 00:15:48.175 INFO [main] org.apache.coyote.AbstractProtocol.destroy Destroying ProtocolHandler ["http-nio-8080"]
10-May-2023 00:16:02.789 INFO [main] org.apache.catalina.startup.VersionLoggerListener.log Server version name:   Apache Tomcat/9.0.74
10-May-2023 00:16:02.800 INFO [main] org.apache.catalina.startup.VersionLoggerListener.log Server built:          Apr 13 2023 08:10:39 UTC
10-May-2023 00:16:02.801 INFO [main] org.apache.catalina.startup.VersionLoggerListener.log Server version number: 9.0.74.0
10-May-2023 00:16:02.801 INFO [main] org.apache.catalina.startup.VersionLoggerListener.log OS Name:               Mac OS X
10-May-2023 00:16:02.801 INFO [main] org.apache.catalina.startup.VersionLoggerListener.log OS Version:            12.5.1
10-May-2023 00:16:02.801 INFO [main] org.apache.catalina.startup.VersionLoggerListener.log Architecture:          x86_64
10-May-2023 00:16:02.801 INFO [main] org.apache.catalina.startup.VersionLoggerListener.log Java Home:             /Library/Java/JavaVirtualMachines/jdk-20.jdk/Contents/Home
10-May-2023 00:16:02.801 INFO [main] org.apache.catalina.startup.VersionLoggerListener.log JVM Version:           20+36-2344
10-May-2023 00:16:02.802 INFO [main] org.apache.catalina.startup.VersionLoggerListener.log JVM Vendor:            Oracle Corporation
10-May-2023 00:16:02.802 INFO [main] org.apache.catalina.startup.VersionLoggerListener.log CATALINA_BASE:         /Users/geoffreyveasy/Desktop/TomCat-BankApp
10-May-2023 00:16:02.802 INFO [main] org.apache.catalina.startup.VersionLoggerListener.log CATALINA_HOME:         /Users/geoffreyveasy/Desktop/TomCat-BankApp
10-May-2023 00:16:02.819 INFO [main] org.apache.catalina.startup.VersionLoggerListener.log Command line argument: --add-opens=java.base/java.lang=ALL-UNNAMED
10-May-2023 00:16:02.819 INFO [main] org.apache.catalina.startup.VersionLoggerListener.log Command line argument: --add-opens=java.base/java.io=ALL-UNNAMED
10-May-2023 00:16:02.819 INFO [main] org.apache.catalina.startup.VersionLoggerListener.log Command line argument: --add-opens=java.base/java.util=ALL-UNNAMED
10-May-2023 00:16:02.820 INFO [main] org.apache.catalina.startup.VersionLoggerListener.log Command line argument: --add-opens=java.base/java.util.concurrent=ALL-UNNAMED
10-May-2023 00:16:02.820 INFO [main] org.apache.catalina.startup.VersionLoggerListener.log Command line argument: --add-opens=java.rmi/sun.rmi.transport=ALL-UNNAMED
10-May-2023 00:16:02.820 INFO [main] org.apache.catalina.startup.VersionLoggerListener.log Command line argument: -Djava.util.logging.config.file=/Users/geoffreyveasy/Desktop/TomCat-BankApp/conf/logging.properties
10-May-2023 00:16:02.820 INFO [main] org.apache.catalina.startup.VersionLoggerListener.log Command line argument: -Djava.util.logging.manager=org.apache.juli.ClassLoaderLogManager
10-May-2023 00:16:02.820 INFO [main] org.apache.catalina.startup.VersionLoggerListener.log Command line argument: -Djdk.tls.ephemeralDHKeySize=2048
10-May-2023 00:16:02.820 INFO [main] org.apache.catalina.startup.VersionLoggerListener.log Command line argument: -Djava.protocol.handler.pkgs=org.apache.catalina.webresources
10-May-2023 00:16:02.821 INFO [main] org.apache.catalina.startup.VersionLoggerListener.log Command line argument: -Dorg.apache.catalina.security.SecurityListener.UMASK=0027
10-May-2023 00:16:02.821 INFO [main] org.apache.catalina.startup.VersionLoggerListener.log Command line argument: -Dignore.endorsed.dirs=
10-May-2023 00:16:02.821 INFO [main] org.apache.catalina.startup.VersionLoggerListener.log Command line argument: -Dcatalina.base=/Users/geoffreyveasy/Desktop/TomCat-BankApp
10-May-2023 00:16:02.821 INFO [main] org.apache.catalina.startup.VersionLoggerListener.log Command line argument: -Dcatalina.home=/Users/geoffreyveasy/Desktop/TomCat-BankApp
10-May-2023 00:16:02.821 INFO [main] org.apache.catalina.startup.VersionLoggerListener.log Command line argument: -Djava.io.tmpdir=/Users/geoffreyveasy/Desktop/TomCat-BankApp/temp
10-May-2023 00:16:02.833 INFO [main] org.apache.catalina.core.AprLifecycleListener.lifecycleEvent The Apache Tomcat Native library which allows using OpenSSL was not found on the java.library.path: [/Users/geoffreyveasy/Library/Java/Extensions:/Library/Java/Extensions:/Network/Library/Java/Extensions:/System/Library/Java/Extensions:/usr/lib/java:.]
10-May-2023 00:16:03.357 INFO [main] org.apache.coyote.AbstractProtocol.init Initializing ProtocolHandler ["http-nio-8080"]
10-May-2023 00:16:03.396 INFO [main] org.apache.catalina.startup.Catalina.load Server initialization in [852] milliseconds
10-May-2023 00:16:03.465 INFO [main] org.apache.catalina.core.StandardService.startInternal Starting service [Catalina]
10-May-2023 00:16:03.466 INFO [main] org.apache.catalina.core.StandardEngine.startInternal Starting Servlet engine: [Apache Tomcat/9.0.74]
10-May-2023 00:16:03.478 INFO [main] org.apache.catalina.startup.HostConfig.deployDirectory Deploying web application directory [/Users/geoffreyveasy/Desktop/TomCat-BankApp/webapps/AdderServlet]
10-May-2023 00:16:04.125 INFO [main] org.apache.catalina.startup.HostConfig.deployDirectory Deployment of web application directory [/Users/geoffreyveasy/Desktop/TomCat-BankApp/webapps/AdderServlet] has finished in [645] ms
10-May-2023 00:16:04.127 INFO [main] org.apache.catalina.startup.HostConfig.deployDirectory Deploying web application directory [/Users/geoffreyveasy/Desktop/TomCat-BankApp/webapps/BankApp]
10-May-2023 00:16:04.231 INFO [main] org.apache.catalina.startup.HostConfig.deployDirectory Deployment of web application directory [/Users/geoffreyveasy/Desktop/TomCat-BankApp/webapps/BankApp] has finished in [104] ms
10-May-2023 00:16:04.232 INFO [main] org.apache.catalina.startup.HostConfig.deployDirectory Deploying web application directory [/Users/geoffreyveasy/Desktop/TomCat-BankApp/webapps/PersonalServlet]
10-May-2023 00:16:04.270 INFO [main] org.apache.catalina.startup.HostConfig.deployDirectory Deployment of web application directory [/Users/geoffreyveasy/Desktop/TomCat-BankApp/webapps/PersonalServlet] has finished in [38] ms
10-May-2023 00:16:04.270 INFO [main] org.apache.catalina.startup.HostConfig.deployDirectory Deploying web application directory [/Users/geoffreyveasy/Desktop/TomCat-BankApp/webapps/banking-app]
10-May-2023 00:16:04.337 INFO [main] org.apache.catalina.startup.HostConfig.deployDirectory Deployment of web application directory [/Users/geoffreyveasy/Desktop/TomCat-BankApp/webapps/banking-app] has finished in [67] ms
10-May-2023 00:16:04.337 INFO [main] org.apache.catalina.startup.HostConfig.deployDirectory Deploying web application directory [/Users/geoffreyveasy/Desktop/TomCat-BankApp/webapps/CookieAdder]
10-May-2023 00:16:04.376 INFO [main] org.apache.catalina.startup.HostConfig.deployDirectory Deployment of web application directory [/Users/geoffreyveasy/Desktop/TomCat-BankApp/webapps/CookieAdder] has finished in [39] ms
10-May-2023 00:16:04.376 INFO [main] org.apache.catalina.startup.HostConfig.deployDirectory Deploying web application directory [/Users/geoffreyveasy/Desktop/TomCat-BankApp/webapps/docs]
10-May-2023 00:16:04.407 INFO [main] org.apache.catalina.startup.HostConfig.deployDirectory Deployment of web application directory [/Users/geoffreyveasy/Desktop/TomCat-BankApp/webapps/docs] has finished in [31] ms
10-May-2023 00:16:04.407 INFO [main] org.apache.catalina.startup.HostConfig.deployDirectory Deploying web application directory [/Users/geoffreyveasy/Desktop/TomCat-BankApp/webapps/manager]
10-May-2023 00:16:04.462 INFO [main] org.apache.catalina.startup.HostConfig.deployDirectory Deployment of web application directory [/Users/geoffreyveasy/Desktop/TomCat-BankApp/webapps/manager] has finished in [55] ms
10-May-2023 00:16:04.463 INFO [main] org.apache.catalina.startup.HostConfig.deployDirectory Deploying web application directory [/Users/geoffreyveasy/Desktop/TomCat-BankApp/webapps/examples]
10-May-2023 00:16:05.000 INFO [main] org.apache.catalina.startup.HostConfig.deployDirectory Deployment of web application directory [/Users/geoffreyveasy/Desktop/TomCat-BankApp/webapps/examples] has finished in [536] ms
10-May-2023 00:16:05.000 INFO [main] org.apache.catalina.startup.HostConfig.deployDirectory Deploying web application directory [/Users/geoffreyveasy/Desktop/TomCat-BankApp/webapps/ShoppingCart]
10-May-2023 00:16:05.043 INFO [main] org.apache.catalina.startup.HostConfig.deployDirectory Deployment of web application directory [/Users/geoffreyveasy/Desktop/TomCat-BankApp/webapps/ShoppingCart] has finished in [43] ms
10-May-2023 00:16:05.043 INFO [main] org.apache.catalina.startup.HostConfig.deployDirectory Deploying web application directory [/Users/geoffreyveasy/Desktop/TomCat-BankApp/webapps/ROOT]
10-May-2023 00:16:05.065 INFO [main] org.apache.catalina.startup.HostConfig.deployDirectory Deployment of web application directory [/Users/geoffreyveasy/Desktop/TomCat-BankApp/webapps/ROOT] has finished in [22] ms
10-May-2023 00:16:05.065 INFO [main] org.apache.catalina.startup.HostConfig.deployDirectory Deploying web application directory [/Users/geoffreyveasy/Desktop/TomCat-BankApp/webapps/JDBCServlet]
10-May-2023 00:16:05.089 INFO [main] org.apache.catalina.startup.HostConfig.deployDirectory Deployment of web application directory [/Users/geoffreyveasy/Desktop/TomCat-BankApp/webapps/JDBCServlet] has finished in [23] ms
10-May-2023 00:16:05.089 INFO [main] org.apache.catalina.startup.HostConfig.deployDirectory Deploying web application directory [/Users/geoffreyveasy/Desktop/TomCat-BankApp/webapps/FirstServlet]
10-May-2023 00:16:05.117 INFO [main] org.apache.catalina.startup.HostConfig.deployDirectory Deployment of web application directory [/Users/geoffreyveasy/Desktop/TomCat-BankApp/webapps/FirstServlet] has finished in [27] ms
10-May-2023 00:16:05.117 INFO [main] org.apache.catalina.startup.HostConfig.deployDirectory Deploying web application directory [/Users/geoffreyveasy/Desktop/TomCat-BankApp/webapps/host-manager]
10-May-2023 00:16:05.140 INFO [main] org.apache.catalina.startup.HostConfig.deployDirectory Deployment of web application directory [/Users/geoffreyveasy/Desktop/TomCat-BankApp/webapps/host-manager] has finished in [23] ms
10-May-2023 00:16:05.144 INFO [main] org.apache.coyote.AbstractProtocol.start Starting ProtocolHandler ["http-nio-8080"]
10-May-2023 00:16:05.158 INFO [main] org.apache.catalina.startup.Catalina.start Server startup in [1761] milliseconds
10-May-2023 00:19:05.520 INFO [main] org.apache.catalina.core.StandardServer.await A valid shutdown command was received via the shutdown port. Stopping the Server instance.
10-May-2023 00:19:05.521 INFO [main] org.apache.coyote.AbstractProtocol.pause Pausing ProtocolHandler ["http-nio-8080"]
10-May-2023 00:19:05.530 INFO [main] org.apache.catalina.core.StandardService.stopInternal Stopping service [Catalina]
10-May-2023 00:19:05.599 INFO [main] org.apache.coyote.AbstractProtocol.stop Stopping ProtocolHandler ["http-nio-8080"]
10-May-2023 00:19:05.612 INFO [main] org.apache.coyote.AbstractProtocol.destroy Destroying ProtocolHandler ["http-nio-8080"]
10-May-2023 00:19:14.637 INFO [main] org.apache.catalina.startup.VersionLoggerListener.log Server version name:   Apache Tomcat/9.0.74
10-May-2023 00:19:14.653 INFO [main] org.apache.catalina.startup.VersionLoggerListener.log Server built:          Apr 13 2023 08:10:39 UTC
10-May-2023 00:19:14.654 INFO [main] org.apache.catalina.startup.VersionLoggerListener.log Server version number: 9.0.74.0
10-May-2023 00:19:14.654 INFO [main] org.apache.catalina.startup.VersionLoggerListener.log OS Name:               Mac OS X
10-May-2023 00:19:14.655 INFO [main] org.apache.catalina.startup.VersionLoggerListener.log OS Version:            12.5.1
10-May-2023 00:19:14.655 INFO [main] org.apache.catalina.startup.VersionLoggerListener.log Architecture:          x86_64
10-May-2023 00:19:14.655 INFO [main] org.apache.catalina.startup.VersionLoggerListener.log Java Home:             /Library/Java/JavaVirtualMachines/jdk-20.jdk/Contents/Home
10-May-2023 00:19:14.655 INFO [main] org.apache.catalina.startup.VersionLoggerListener.log JVM Version:           20+36-2344
10-May-2023 00:19:14.655 INFO [main] org.apache.catalina.startup.VersionLoggerListener.log JVM Vendor:            Oracle Corporation
10-May-2023 00:19:14.655 INFO [main] org.apache.catalina.startup.VersionLoggerListener.log CATALINA_BASE:         /Users/geoffreyveasy/Desktop/TomCat-BankApp
10-May-2023 00:19:14.656 INFO [main] org.apache.catalina.startup.VersionLoggerListener.log CATALINA_HOME:         /Users/geoffreyveasy/Desktop/TomCat-BankApp
10-May-2023 00:19:14.675 INFO [main] org.apache.catalina.startup.VersionLoggerListener.log Command line argument: --add-opens=java.base/java.lang=ALL-UNNAMED
10-May-2023 00:19:14.676 INFO [main] org.apache.catalina.startup.VersionLoggerListener.log Command line argument: --add-opens=java.base/java.io=ALL-UNNAMED
10-May-2023 00:19:14.676 INFO [main] org.apache.catalina.startup.VersionLoggerListener.log Command line argument: --add-opens=java.base/java.util=ALL-UNNAMED
10-May-2023 00:19:14.676 INFO [main] org.apache.catalina.startup.VersionLoggerListener.log Command line argument: --add-opens=java.base/java.util.concurrent=ALL-UNNAMED
10-May-2023 00:19:14.676 INFO [main] org.apache.catalina.startup.VersionLoggerListener.log Command line argument: --add-opens=java.rmi/sun.rmi.transport=ALL-UNNAMED
10-May-2023 00:19:14.676 INFO [main] org.apache.catalina.startup.VersionLoggerListener.log Command line argument: -Djava.util.logging.config.file=/Users/geoffreyveasy/Desktop/TomCat-BankApp/conf/logging.properties
10-May-2023 00:19:14.677 INFO [main] org.apache.catalina.startup.VersionLoggerListener.log Command line argument: -Djava.util.logging.manager=org.apache.juli.ClassLoaderLogManager
10-May-2023 00:19:14.677 INFO [main] org.apache.catalina.startup.VersionLoggerListener.log Command line argument: -Djdk.tls.ephemeralDHKeySize=2048
10-May-2023 00:19:14.677 INFO [main] org.apache.catalina.startup.VersionLoggerListener.log Command line argument: -Djava.protocol.handler.pkgs=org.apache.catalina.webresources
10-May-2023 00:19:14.677 INFO [main] org.apache.catalina.startup.VersionLoggerListener.log Command line argument: -Dorg.apache.catalina.security.SecurityListener.UMASK=0027
10-May-2023 00:19:14.678 INFO [main] org.apache.catalina.startup.VersionLoggerListener.log Command line argument: -Dignore.endorsed.dirs=
10-May-2023 00:19:14.678 INFO [main] org.apache.catalina.startup.VersionLoggerListener.log Command line argument: -Dcatalina.base=/Users/geoffreyveasy/Desktop/TomCat-BankApp
10-May-2023 00:19:14.678 INFO [main] org.apache.catalina.startup.VersionLoggerListener.log Command line argument: -Dcatalina.home=/Users/geoffreyveasy/Desktop/TomCat-BankApp
10-May-2023 00:19:14.678 INFO [main] org.apache.catalina.startup.VersionLoggerListener.log Command line argument: -Djava.io.tmpdir=/Users/geoffreyveasy/Desktop/TomCat-BankApp/temp
10-May-2023 00:19:14.693 INFO [main] org.apache.catalina.core.AprLifecycleListener.lifecycleEvent The Apache Tomcat Native library which allows using OpenSSL was not found on the java.library.path: [/Users/geoffreyveasy/Library/Java/Extensions:/Library/Java/Extensions:/Network/Library/Java/Extensions:/System/Library/Java/Extensions:/usr/lib/java:.]
10-May-2023 00:19:15.323 INFO [main] org.apache.coyote.AbstractProtocol.init Initializing ProtocolHandler ["http-nio-8080"]
10-May-2023 00:19:15.390 INFO [main] org.apache.catalina.startup.Catalina.load Server initialization in [1004] milliseconds
10-May-2023 00:19:15.493 INFO [main] org.apache.catalina.core.StandardService.startInternal Starting service [Catalina]
10-May-2023 00:19:15.493 INFO [main] org.apache.catalina.core.StandardEngine.startInternal Starting Servlet engine: [Apache Tomcat/9.0.74]
10-May-2023 00:19:15.505 INFO [main] org.apache.catalina.startup.HostConfig.deployDirectory Deploying web application directory [/Users/geoffreyveasy/Desktop/TomCat-BankApp/webapps/AdderServlet]
10-May-2023 00:19:16.008 INFO [main] org.apache.catalina.startup.HostConfig.deployDirectory Deployment of web application directory [/Users/geoffreyveasy/Desktop/TomCat-BankApp/webapps/AdderServlet] has finished in [502] ms
10-May-2023 00:19:16.008 INFO [main] org.apache.catalina.startup.HostConfig.deployDirectory Deploying web application directory [/Users/geoffreyveasy/Desktop/TomCat-BankApp/webapps/BankApp]
10-May-2023 00:19:16.134 INFO [main] org.apache.catalina.startup.HostConfig.deployDirectory Deployment of web application directory [/Users/geoffreyveasy/Desktop/TomCat-BankApp/webapps/BankApp] has finished in [126] ms
10-May-2023 00:19:16.135 INFO [main] org.apache.catalina.startup.HostConfig.deployDirectory Deploying web application directory [/Users/geoffreyveasy/Desktop/TomCat-BankApp/webapps/PersonalServlet]
10-May-2023 00:19:16.174 INFO [main] org.apache.catalina.startup.HostConfig.deployDirectory Deployment of web application directory [/Users/geoffreyveasy/Desktop/TomCat-BankApp/webapps/PersonalServlet] has finished in [39] ms
10-May-2023 00:19:16.174 INFO [main] org.apache.catalina.startup.HostConfig.deployDirectory Deploying web application directory [/Users/geoffreyveasy/Desktop/TomCat-BankApp/webapps/banking-app]
10-May-2023 00:19:16.219 INFO [main] org.apache.catalina.startup.HostConfig.deployDirectory Deployment of web application directory [/Users/geoffreyveasy/Desktop/TomCat-BankApp/webapps/banking-app] has finished in [45] ms
10-May-2023 00:19:16.219 INFO [main] org.apache.catalina.startup.HostConfig.deployDirectory Deploying web application directory [/Users/geoffreyveasy/Desktop/TomCat-BankApp/webapps/CookieAdder]
10-May-2023 00:19:16.252 INFO [main] org.apache.catalina.startup.HostConfig.deployDirectory Deployment of web application directory [/Users/geoffreyveasy/Desktop/TomCat-BankApp/webapps/CookieAdder] has finished in [33] ms
10-May-2023 00:19:16.253 INFO [main] org.apache.catalina.startup.HostConfig.deployDirectory Deploying web application directory [/Users/geoffreyveasy/Desktop/TomCat-BankApp/webapps/docs]
10-May-2023 00:19:16.285 INFO [main] org.apache.catalina.startup.HostConfig.deployDirectory Deployment of web application directory [/Users/geoffreyveasy/Desktop/TomCat-BankApp/webapps/docs] has finished in [32] ms
10-May-2023 00:19:16.288 INFO [main] org.apache.catalina.startup.HostConfig.deployDirectory Deploying web application directory [/Users/geoffreyveasy/Desktop/TomCat-BankApp/webapps/manager]
10-May-2023 00:19:16.430 INFO [main] org.apache.catalina.startup.HostConfig.deployDirectory Deployment of web application directory [/Users/geoffreyveasy/Desktop/TomCat-BankApp/webapps/manager] has finished in [142] ms
10-May-2023 00:19:16.431 INFO [main] org.apache.catalina.startup.HostConfig.deployDirectory Deploying web application directory [/Users/geoffreyveasy/Desktop/TomCat-BankApp/webapps/examples]
10-May-2023 00:19:16.790 INFO [main] org.apache.catalina.startup.HostConfig.deployDirectory Deployment of web application directory [/Users/geoffreyveasy/Desktop/TomCat-BankApp/webapps/examples] has finished in [359] ms
10-May-2023 00:19:16.791 INFO [main] org.apache.catalina.startup.HostConfig.deployDirectory Deploying web application directory [/Users/geoffreyveasy/Desktop/TomCat-BankApp/webapps/ShoppingCart]
10-May-2023 00:19:16.824 INFO [main] org.apache.catalina.startup.HostConfig.deployDirectory Deployment of web application directory [/Users/geoffreyveasy/Desktop/TomCat-BankApp/webapps/ShoppingCart] has finished in [34] ms
10-May-2023 00:19:16.825 INFO [main] org.apache.catalina.startup.HostConfig.deployDirectory Deploying web application directory [/Users/geoffreyveasy/Desktop/TomCat-BankApp/webapps/ROOT]
10-May-2023 00:19:16.840 INFO [main] org.apache.catalina.startup.HostConfig.deployDirectory Deployment of web application directory [/Users/geoffreyveasy/Desktop/TomCat-BankApp/webapps/ROOT] has finished in [14] ms
10-May-2023 00:19:16.840 INFO [main] org.apache.catalina.startup.HostConfig.deployDirectory Deploying web application directory [/Users/geoffreyveasy/Desktop/TomCat-BankApp/webapps/JDBCServlet]
10-May-2023 00:19:16.864 INFO [main] org.apache.catalina.startup.HostConfig.deployDirectory Deployment of web application directory [/Users/geoffreyveasy/Desktop/TomCat-BankApp/webapps/JDBCServlet] has finished in [23] ms
10-May-2023 00:19:16.864 INFO [main] org.apache.catalina.startup.HostConfig.deployDirectory Deploying web application directory [/Users/geoffreyveasy/Desktop/TomCat-BankApp/webapps/FirstServlet]
10-May-2023 00:19:16.886 INFO [main] org.apache.catalina.startup.HostConfig.deployDirectory Deployment of web application directory [/Users/geoffreyveasy/Desktop/TomCat-BankApp/webapps/FirstServlet] has finished in [22] ms
10-May-2023 00:19:16.887 INFO [main] org.apache.catalina.startup.HostConfig.deployDirectory Deploying web application directory [/Users/geoffreyveasy/Desktop/TomCat-BankApp/webapps/host-manager]
10-May-2023 00:19:16.910 INFO [main] org.apache.catalina.startup.HostConfig.deployDirectory Deployment of web application directory [/Users/geoffreyveasy/Desktop/TomCat-BankApp/webapps/host-manager] has finished in [24] ms
10-May-2023 00:19:16.914 INFO [main] org.apache.coyote.AbstractProtocol.start Starting ProtocolHandler ["http-nio-8080"]
10-May-2023 00:19:16.930 INFO [main] org.apache.catalina.startup.Catalina.start Server startup in [1538] milliseconds
10-May-2023 00:19:41.089 INFO [http-nio-8080-exec-5] DatabaseReader.getAllUserObjects read user: Adam
10-May-2023 00:19:41.102 INFO [http-nio-8080-exec-5] DatabaseReader.getUserObject found user: Adam
10-May-2023 00:44:22.432 INFO [main] org.apache.catalina.core.StandardServer.await A valid shutdown command was received via the shutdown port. Stopping the Server instance.
10-May-2023 00:44:22.439 INFO [main] org.apache.coyote.AbstractProtocol.pause Pausing ProtocolHandler ["http-nio-8080"]
10-May-2023 00:44:22.456 INFO [main] org.apache.catalina.core.StandardService.stopInternal Stopping service [Catalina]
10-May-2023 00:44:22.572 INFO [main] org.apache.coyote.AbstractProtocol.stop Stopping ProtocolHandler ["http-nio-8080"]
10-May-2023 00:44:22.589 INFO [main] org.apache.coyote.AbstractProtocol.destroy Destroying ProtocolHandler ["http-nio-8080"]
10-May-2023 00:44:30.776 INFO [main] org.apache.catalina.startup.VersionLoggerListener.log Server version name:   Apache Tomcat/9.0.74
10-May-2023 00:44:30.792 INFO [main] org.apache.catalina.startup.VersionLoggerListener.log Server built:          Apr 13 2023 08:10:39 UTC
10-May-2023 00:44:30.793 INFO [main] org.apache.catalina.startup.VersionLoggerListener.log Server version number: 9.0.74.0
10-May-2023 00:44:30.793 INFO [main] org.apache.catalina.startup.VersionLoggerListener.log OS Name:               Mac OS X
10-May-2023 00:44:30.793 INFO [main] org.apache.catalina.startup.VersionLoggerListener.log OS Version:            12.5.1
10-May-2023 00:44:30.793 INFO [main] org.apache.catalina.startup.VersionLoggerListener.log Architecture:          x86_64
10-May-2023 00:44:30.793 INFO [main] org.apache.catalina.startup.VersionLoggerListener.log Java Home:             /Library/Java/JavaVirtualMachines/jdk-20.jdk/Contents/Home
10-May-2023 00:44:30.794 INFO [main] org.apache.catalina.startup.VersionLoggerListener.log JVM Version:           20+36-2344
10-May-2023 00:44:30.794 INFO [main] org.apache.catalina.startup.VersionLoggerListener.log JVM Vendor:            Oracle Corporation
10-May-2023 00:44:30.794 INFO [main] org.apache.catalina.startup.VersionLoggerListener.log CATALINA_BASE:         /Users/geoffreyveasy/Desktop/TomCat-BankApp
10-May-2023 00:44:30.794 INFO [main] org.apache.catalina.startup.VersionLoggerListener.log CATALINA_HOME:         /Users/geoffreyveasy/Desktop/TomCat-BankApp
10-May-2023 00:44:30.811 INFO [main] org.apache.catalina.startup.VersionLoggerListener.log Command line argument: --add-opens=java.base/java.lang=ALL-UNNAMED
10-May-2023 00:44:30.811 INFO [main] org.apache.catalina.startup.VersionLoggerListener.log Command line argument: --add-opens=java.base/java.io=ALL-UNNAMED
10-May-2023 00:44:30.811 INFO [main] org.apache.catalina.startup.VersionLoggerListener.log Command line argument: --add-opens=java.base/java.util=ALL-UNNAMED
10-May-2023 00:44:30.811 INFO [main] org.apache.catalina.startup.VersionLoggerListener.log Command line argument: --add-opens=java.base/java.util.concurrent=ALL-UNNAMED
10-May-2023 00:44:30.811 INFO [main] org.apache.catalina.startup.VersionLoggerListener.log Command line argument: --add-opens=java.rmi/sun.rmi.transport=ALL-UNNAMED
10-May-2023 00:44:30.812 INFO [main] org.apache.catalina.startup.VersionLoggerListener.log Command line argument: -Djava.util.logging.config.file=/Users/geoffreyveasy/Desktop/TomCat-BankApp/conf/logging.properties
10-May-2023 00:44:30.812 INFO [main] org.apache.catalina.startup.VersionLoggerListener.log Command line argument: -Djava.util.logging.manager=org.apache.juli.ClassLoaderLogManager
10-May-2023 00:44:30.812 INFO [main] org.apache.catalina.startup.VersionLoggerListener.log Command line argument: -Djdk.tls.ephemeralDHKeySize=2048
10-May-2023 00:44:30.814 INFO [main] org.apache.catalina.startup.VersionLoggerListener.log Command line argument: -Djava.protocol.handler.pkgs=org.apache.catalina.webresources
10-May-2023 00:44:30.814 INFO [main] org.apache.catalina.startup.VersionLoggerListener.log Command line argument: -Dorg.apache.catalina.security.SecurityListener.UMASK=0027
10-May-2023 00:44:30.814 INFO [main] org.apache.catalina.startup.VersionLoggerListener.log Command line argument: -Dignore.endorsed.dirs=
10-May-2023 00:44:30.814 INFO [main] org.apache.catalina.startup.VersionLoggerListener.log Command line argument: -Dcatalina.base=/Users/geoffreyveasy/Desktop/TomCat-BankApp
10-May-2023 00:44:30.815 INFO [main] org.apache.catalina.startup.VersionLoggerListener.log Command line argument: -Dcatalina.home=/Users/geoffreyveasy/Desktop/TomCat-BankApp
10-May-2023 00:44:30.815 INFO [main] org.apache.catalina.startup.VersionLoggerListener.log Command line argument: -Djava.io.tmpdir=/Users/geoffreyveasy/Desktop/TomCat-BankApp/temp
10-May-2023 00:44:30.835 INFO [main] org.apache.catalina.core.AprLifecycleListener.lifecycleEvent The Apache Tomcat Native library which allows using OpenSSL was not found on the java.library.path: [/Users/geoffreyveasy/Library/Java/Extensions:/Library/Java/Extensions:/Network/Library/Java/Extensions:/System/Library/Java/Extensions:/usr/lib/java:.]
10-May-2023 00:44:31.608 INFO [main] org.apache.coyote.AbstractProtocol.init Initializing ProtocolHandler ["http-nio-8080"]
10-May-2023 00:44:31.664 INFO [main] org.apache.catalina.startup.Catalina.load Server initialization in [1210] milliseconds
10-May-2023 00:44:31.741 INFO [main] org.apache.catalina.core.StandardService.startInternal Starting service [Catalina]
10-May-2023 00:44:31.742 INFO [main] org.apache.catalina.core.StandardEngine.startInternal Starting Servlet engine: [Apache Tomcat/9.0.74]
10-May-2023 00:44:31.756 INFO [main] org.apache.catalina.startup.HostConfig.deployDirectory Deploying web application directory [/Users/geoffreyveasy/Desktop/TomCat-BankApp/webapps/AdderServlet]
10-May-2023 00:44:32.451 INFO [main] org.apache.catalina.startup.HostConfig.deployDirectory Deployment of web application directory [/Users/geoffreyveasy/Desktop/TomCat-BankApp/webapps/AdderServlet] has finished in [694] ms
10-May-2023 00:44:32.451 INFO [main] org.apache.catalina.startup.HostConfig.deployDirectory Deploying web application directory [/Users/geoffreyveasy/Desktop/TomCat-BankApp/webapps/BankApp]
10-May-2023 00:44:32.551 INFO [main] org.apache.catalina.startup.HostConfig.deployDirectory Deployment of web application directory [/Users/geoffreyveasy/Desktop/TomCat-BankApp/webapps/BankApp] has finished in [100] ms
10-May-2023 00:44:32.551 INFO [main] org.apache.catalina.startup.HostConfig.deployDirectory Deploying web application directory [/Users/geoffreyveasy/Desktop/TomCat-BankApp/webapps/PersonalServlet]
10-May-2023 00:44:32.591 INFO [main] org.apache.catalina.startup.HostConfig.deployDirectory Deployment of web application directory [/Users/geoffreyveasy/Desktop/TomCat-BankApp/webapps/PersonalServlet] has finished in [39] ms
10-May-2023 00:44:32.591 INFO [main] org.apache.catalina.startup.HostConfig.deployDirectory Deploying web application directory [/Users/geoffreyveasy/Desktop/TomCat-BankApp/webapps/banking-app]
10-May-2023 00:44:32.657 INFO [main] org.apache.catalina.startup.HostConfig.deployDirectory Deployment of web application directory [/Users/geoffreyveasy/Desktop/TomCat-BankApp/webapps/banking-app] has finished in [66] ms
10-May-2023 00:44:32.657 INFO [main] org.apache.catalina.startup.HostConfig.deployDirectory Deploying web application directory [/Users/geoffreyveasy/Desktop/TomCat-BankApp/webapps/CookieAdder]
10-May-2023 00:44:32.714 INFO [main] org.apache.catalina.startup.HostConfig.deployDirectory Deployment of web application directory [/Users/geoffreyveasy/Desktop/TomCat-BankApp/webapps/CookieAdder] has finished in [57] ms
10-May-2023 00:44:32.715 INFO [main] org.apache.catalina.startup.HostConfig.deployDirectory Deploying web application directory [/Users/geoffreyveasy/Desktop/TomCat-BankApp/webapps/docs]
10-May-2023 00:44:32.761 INFO [main] org.apache.catalina.startup.HostConfig.deployDirectory Deployment of web application directory [/Users/geoffreyveasy/Desktop/TomCat-BankApp/webapps/docs] has finished in [45] ms
10-May-2023 00:44:32.761 INFO [main] org.apache.catalina.startup.HostConfig.deployDirectory Deploying web application directory [/Users/geoffreyveasy/Desktop/TomCat-BankApp/webapps/manager]
10-May-2023 00:44:32.863 INFO [main] org.apache.catalina.startup.HostConfig.deployDirectory Deployment of web application directory [/Users/geoffreyveasy/Desktop/TomCat-BankApp/webapps/manager] has finished in [102] ms
10-May-2023 00:44:32.864 INFO [main] org.apache.catalina.startup.HostConfig.deployDirectory Deploying web application directory [/Users/geoffreyveasy/Desktop/TomCat-BankApp/webapps/examples]
10-May-2023 00:44:33.434 INFO [main] org.apache.catalina.startup.HostConfig.deployDirectory Deployment of web application directory [/Users/geoffreyveasy/Desktop/TomCat-BankApp/webapps/examples] has finished in [571] ms
10-May-2023 00:44:33.435 INFO [main] org.apache.catalina.startup.HostConfig.deployDirectory Deploying web application directory [/Users/geoffreyveasy/Desktop/TomCat-BankApp/webapps/ShoppingCart]
10-May-2023 00:44:33.461 INFO [main] org.apache.catalina.startup.HostConfig.deployDirectory Deployment of web application directory [/Users/geoffreyveasy/Desktop/TomCat-BankApp/webapps/ShoppingCart] has finished in [25] ms
10-May-2023 00:44:33.461 INFO [main] org.apache.catalina.startup.HostConfig.deployDirectory Deploying web application directory [/Users/geoffreyveasy/Desktop/TomCat-BankApp/webapps/ROOT]
10-May-2023 00:44:33.478 INFO [main] org.apache.catalina.startup.HostConfig.deployDirectory Deployment of web application directory [/Users/geoffreyveasy/Desktop/TomCat-BankApp/webapps/ROOT] has finished in [17] ms
10-May-2023 00:44:33.478 INFO [main] org.apache.catalina.startup.HostConfig.deployDirectory Deploying web application directory [/Users/geoffreyveasy/Desktop/TomCat-BankApp/webapps/JDBCServlet]
10-May-2023 00:44:33.498 INFO [main] org.apache.catalina.startup.HostConfig.deployDirectory Deployment of web application directory [/Users/geoffreyveasy/Desktop/TomCat-BankApp/webapps/JDBCServlet] has finished in [20] ms
10-May-2023 00:44:33.499 INFO [main] org.apache.catalina.startup.HostConfig.deployDirectory Deploying web application directory [/Users/geoffreyveasy/Desktop/TomCat-BankApp/webapps/FirstServlet]
10-May-2023 00:44:33.518 INFO [main] org.apache.catalina.startup.HostConfig.deployDirectory Deployment of web application directory [/Users/geoffreyveasy/Desktop/TomCat-BankApp/webapps/FirstServlet] has finished in [20] ms
10-May-2023 00:44:33.518 INFO [main] org.apache.catalina.startup.HostConfig.deployDirectory Deploying web application directory [/Users/geoffreyveasy/Desktop/TomCat-BankApp/webapps/host-manager]
10-May-2023 00:44:33.540 INFO [main] org.apache.catalina.startup.HostConfig.deployDirectory Deployment of web application directory [/Users/geoffreyveasy/Desktop/TomCat-BankApp/webapps/host-manager] has finished in [22] ms
10-May-2023 00:44:33.545 INFO [main] org.apache.coyote.AbstractProtocol.start Starting ProtocolHandler ["http-nio-8080"]
10-May-2023 00:44:33.558 INFO [main] org.apache.catalina.startup.Catalina.start Server startup in [1891] milliseconds
