04-May-2023 13:19:13.088 INFO [main] org.apache.catalina.core.ApplicationContext.log SessionListener: contextDestroyed()
04-May-2023 13:19:13.088 INFO [main] org.apache.catalina.core.ApplicationContext.log ContextListener: contextDestroyed()
04-May-2023 13:20:25.905 INFO [main] org.apache.catalina.core.ApplicationContext.log ContextListener: contextInitialized()
04-May-2023 13:20:25.906 INFO [main] org.apache.catalina.core.ApplicationContext.log SessionListener: contextInitialized()
04-May-2023 13:20:25.907 INFO [main] org.apache.catalina.core.ApplicationContext.log ContextListener: attributeAdded('StockTicker', 'async.Stockticker@1133ec6e')
04-May-2023 16:34:02.938 INFO [main] org.apache.catalina.core.ApplicationContext.log SessionListener: contextDestroyed()
04-May-2023 16:34:02.940 INFO [main] org.apache.catalina.core.ApplicationContext.log ContextListener: contextDestroyed()
04-May-2023 16:42:33.533 INFO [main] org.apache.catalina.core.ApplicationContext.log ContextListener: contextInitialized()
04-May-2023 16:42:33.533 INFO [main] org.apache.catalina.core.ApplicationContext.log SessionListener: contextInitialized()
04-May-2023 16:42:33.535 INFO [main] org.apache.catalina.core.ApplicationContext.log ContextListener: attributeAdded('StockTicker', 'async.Stockticker@4a9e6faf')
04-May-2023 17:24:19.554 INFO [main] org.apache.catalina.core.ApplicationContext.log SessionListener: contextDestroyed()
04-May-2023 17:24:19.555 INFO [main] org.apache.catalina.core.ApplicationContext.log ContextListener: contextDestroyed()
04-May-2023 17:24:48.833 INFO [main] org.apache.catalina.core.ApplicationContext.log ContextListener: contextInitialized()
04-May-2023 17:24:48.833 INFO [main] org.apache.catalina.core.ApplicationContext.log SessionListener: contextInitialized()
04-May-2023 17:24:48.835 INFO [main] org.apache.catalina.core.ApplicationContext.log ContextListener: attributeAdded('StockTicker', 'async.Stockticker@21d5c1a0')
04-May-2023 17:31:05.560 INFO [main] org.apache.catalina.core.ApplicationContext.log SessionListener: contextDestroyed()
04-May-2023 17:31:05.560 INFO [main] org.apache.catalina.core.ApplicationContext.log ContextListener: contextDestroyed()
04-May-2023 17:31:24.719 INFO [main] org.apache.catalina.core.ApplicationContext.log ContextListener: contextInitialized()
04-May-2023 17:31:24.719 INFO [main] org.apache.catalina.core.ApplicationContext.log SessionListener: contextInitialized()
04-May-2023 17:31:24.721 INFO [main] org.apache.catalina.core.ApplicationContext.log ContextListener: attributeAdded('StockTicker', 'async.Stockticker@544630b7')
04-May-2023 21:01:06.590 INFO [main] org.apache.catalina.core.ApplicationContext.log SessionListener: contextDestroyed()
04-May-2023 21:01:06.592 INFO [main] org.apache.catalina.core.ApplicationContext.log ContextListener: contextDestroyed()
04-May-2023 21:04:52.585 INFO [main] org.apache.catalina.core.ApplicationContext.log ContextListener: contextInitialized()
04-May-2023 21:04:52.586 INFO [main] org.apache.catalina.core.ApplicationContext.log SessionListener: contextInitialized()
04-May-2023 21:04:52.587 INFO [main] org.apache.catalina.core.ApplicationContext.log ContextListener: attributeAdded('StockTicker', 'async.Stockticker@a50b09c')
